2025-11-08 21:43:49,867 - INFO - [AutomDescargas] - --- INICIANDO SCRIPT DE SOLO DESCARGA ---
2025-11-08 21:43:49,876 - INFO - [AutomDescargas] - Ciclos activos detectados. Se buscarán reportes para: 202516, 202517.
2025-11-08 21:43:52,044 - INFO - [AutomDescargas] - Navegando a la página de inicio: https://commercial.natura.com/
2025-11-08 21:44:04,559 - INFO - [AutomDescargas] - ¡Inicio de sesión exitoso! URL final: https://commercial.natura.com/signIn?code=a49fb168-f6e0-4a61-ad2f-8156cb9bac09&redirect=%2F%3Fcode%3Da49fb168-f6e0-4a61-ad2f-8156cb9bac09
2025-11-08 21:44:04,565 - INFO - [AutomDescargas] - 
--- FASE 1: Navegando a la página de descargas ---
2025-11-08 21:44:14,473 - INFO - [AutomDescargas] - 
--- FASE 2: Buscando y Descargando Reportes ---
2025-11-08 21:44:14,506 - INFO - [AutomDescargas] - Tabla de 'Informes Solicitados' encontrada.
2025-11-08 21:44:14,506 - INFO - [AutomDescargas] - 
--- Iniciando fase de descarga para los 4 reportes definidos ---
2025-11-08 21:44:14,507 - INFO - [AutomDescargas] - --- Inicio del Pase de Búsqueda (Intento 1/10) ---
2025-11-08 21:44:16,895 - INFO - [AutomDescargas] - Escaneando página 1 de resultados...
2025-11-08 21:44:17,205 - INFO - [AutomDescargas] - Moviendo a la siguiente página...
2025-11-08 21:44:17,284 - INFO - [AutomDescargas] - Escaneando página 2 de resultados...
2025-11-08 21:44:17,572 - INFO - [AutomDescargas] - Moviendo a la siguiente página...
2025-11-08 21:44:17,648 - INFO - [AutomDescargas] - Escaneando página 3 de resultados...
2025-11-08 21:44:17,731 - INFO - [AutomDescargas] - ¡Coincidencia encontrada para CUBOgv_202516.xlsx! Descargando...
2025-11-08 21:44:22,694 - INFO - [AutomDescargas] - -> ÉXITO: Reporte guardado como: C:/Users/339302/Documents/Proyectos/Monitor Datos GN/datos\CUBOgv_202516.xlsx
2025-11-08 21:44:22,734 - INFO - [AutomDescargas] - ¡Coincidencia encontrada para CUBOsector_202516.xlsx! Descargando...
2025-11-08 21:44:24,562 - INFO - [AutomDescargas] - -> ÉXITO: Reporte guardado como: C:/Users/339302/Documents/Proyectos/Monitor Datos GN/datos\CUBOsector_202516.xlsx
2025-11-08 21:44:24,753 - INFO - [AutomDescargas] - Moviendo a la siguiente página...
2025-11-08 21:44:24,829 - INFO - [AutomDescargas] - Escaneando página 4 de resultados...
2025-11-08 21:44:25,012 - INFO - [AutomDescargas] - Moviendo a la siguiente página...
2025-11-08 21:44:25,064 - INFO - [AutomDescargas] - Escaneando página 5 de resultados...
2025-11-08 21:44:25,204 - INFO - [AutomDescargas] - ¡Coincidencia encontrada para CUBOsector_202517.xlsx! Descargando...
2025-11-08 21:44:26,580 - INFO - [AutomDescargas] - -> ÉXITO: Reporte guardado como: C:/Users/339302/Documents/Proyectos/Monitor Datos GN/datos\CUBOsector_202517.xlsx
2025-11-08 21:44:26,592 - INFO - [AutomDescargas] - Moviendo a la siguiente página...
2025-11-08 21:44:26,679 - INFO - [AutomDescargas] - Escaneando página 6 de resultados...
2025-11-08 21:44:26,712 - INFO - [AutomDescargas] - ¡Coincidencia encontrada para CUBOgv_202517.xlsx! Descargando...
2025-11-08 21:44:28,171 - INFO - [AutomDescargas] - -> ÉXITO: Reporte guardado como: C:/Users/339302/Documents/Proyectos/Monitor Datos GN/datos\CUBOgv_202517.xlsx
2025-11-08 21:44:28,172 - INFO - [AutomDescargas] - Todos los reportes deseados han sido descargados.
2025-11-08 21:44:28,172 - INFO - [AutomDescargas] - Todas las descargas completadas. Actualizando el archivo de timestamp.
2025-11-08 21:44:28,175 - INFO - [AutomDescargas] - Archivo de timestamp actualizado correctamente en: C:/Users/339302/Documents/Proyectos/Monitor Datos GN/datos\update_timestamp.json
2025-11-08 21:44:28,176 - INFO - [AutomDescargas] - 
Proceso de descarga finalizado. Cerrando el navegador.
